<?xml version="1.0" encoding="UTF-8"?>
<!-- Generated by org.testng.reporters.JUnitXMLReporter -->
<testsuite ignored="0" hostname="DESKTOP-VK8DO52" failures="0" tests="5" name="Default test" time="0.029" errors="0" timestamp="06 Feb 2024 06:45:07 GMT">
  <testcase classname="com.testNG.AnnotationsPractice" name="tc01" time="0.004"/>
  <testcase classname="com.testNG.AnnotationsPractice" name="tc02" time="0.0"/>
  <testcase classname="com.testNG.AnnotationsPractice" name="tc03" time="0.0"/>
  <testcase classname="com.testNG.AnnotationsPractice" name="tc04" time="0.0"/>
  <testcase classname="com.testNG.AnnotationsPractice" name="tc05" time="0.0"/>
</testsuite> <!-- Default test -->
