<?xml version="1.0" encoding="UTF-8"?>
<!-- Generated by org.testng.reporters.JUnitXMLReporter -->
<testsuite ignored="0" hostname="DESKTOP-VK8DO52" failures="2" tests="10" name="Test" time="0.082" errors="0" timestamp="04 Jan 2024 18:20:58 GMT">
  <testcase classname="com.testNG.AutoRerunCaseTwo" name="tc1" time="0.012"/>
  <testcase classname="com.testNG.AutoRerunCaseTwo" name="tc2" time="0.005">
    <skipped/>
  </testcase> <!-- tc2 -->
  <testcase classname="com.testNG.AutoRerunCaseTwo" name="tc2" time="0.001">
    <skipped/>
  </testcase> <!-- tc2 -->
  <testcase classname="com.testNG.AutoRerunCaseTwo" name="tc2" time="0.001">
    <skipped/>
  </testcase> <!-- tc2 -->
  <testcase classname="com.testNG.AutoRerunCaseTwo" name="tc2" time="0.001">
    <failure type="java.lang.AssertionError" message="Condition expected [true] but found [false]">
      <![CDATA[java.lang.AssertionError: Condition expected [true] but found [false]
at com.testNG.AutoRerunCaseTwo.tc2(AutoRerunCaseTwo.java:21)
... Removed 28 stack frames]]>
    </failure>
  </testcase> <!-- tc2 -->
  <testcase classname="com.testNG.AutoRerunCaseTwo" name="tc3" time="0.002"/>
  <testcase classname="com.testNG.AutoRerunCaseTwo" name="tc4" time="0.002">
    <skipped/>
  </testcase> <!-- tc4 -->
  <testcase classname="com.testNG.AutoRerunCaseTwo" name="tc4" time="0.002">
    <skipped/>
  </testcase> <!-- tc4 -->
  <testcase classname="com.testNG.AutoRerunCaseTwo" name="tc4" time="0.001">
    <skipped/>
  </testcase> <!-- tc4 -->
  <testcase classname="com.testNG.AutoRerunCaseTwo" name="tc4" time="0.001">
    <failure type="java.lang.AssertionError" message="Condition expected [true] but found [false]">
      <![CDATA[java.lang.AssertionError: Condition expected [true] but found [false]
at com.testNG.AutoRerunCaseTwo.tc4(AutoRerunCaseTwo.java:12)
... Removed 28 stack frames]]>
    </failure>
  </testcase> <!-- tc4 -->
</testsuite> <!-- Test -->
